c:\users\zajedna\source\repos\project1\project1\x64\release\vc143.pdb
c:\users\zajedna\source\repos\project1\project1\x64\release\wrapper.obj
c:\users\zajedna\source\repos\project1\project1\x64\release\c_screen.obj
c:\users\zajedna\source\repos\project1\project1\x64\release\main.obj
c:\users\zajedna\source\repos\project1\project1\x64\release\player_iterate.obj
c:\users\zajedna\source\repos\project1\project1\x64\release\player_esp.obj
c:\users\zajedna\source\repos\project1\project1\x64\release\cfeature.obj
c:\users\zajedna\source\repos\project1\project1\x64\release\cvar.obj
c:\users\zajedna\source\repos\project1\project1\x64\release\kiero.obj
c:\users\zajedna\source\repos\project1\project1\x64\release\imgui_widgets.obj
c:\users\zajedna\source\repos\project1\project1\x64\release\imgui_impl_win32.obj
c:\users\zajedna\source\repos\project1\project1\x64\release\imgui_impl_dx11.obj
c:\users\zajedna\source\repos\project1\project1\x64\release\imgui_draw.obj
c:\users\zajedna\source\repos\project1\project1\x64\release\imgui_demo.obj
c:\users\zajedna\source\repos\project1\project1\x64\release\imgui.obj
c:\users\zajedna\source\repos\project1\project1\x64\release\trampoline.obj
c:\users\zajedna\source\repos\project1\project1\x64\release\hook.obj
c:\users\zajedna\source\repos\project1\project1\x64\release\hde64.obj
c:\users\zajedna\source\repos\project1\project1\x64\release\hde32.obj
c:\users\zajedna\source\repos\project1\project1\x64\release\buffer.obj
c:\users\zajedna\source\repos\project1\project1\x64\release\c_draw.obj
c:\users\zajedna\source\repos\project1\project1\x64\release\include_features.h.ifc
c:\users\zajedna\source\repos\project1\project1\x64\release\include_features.h.ifc.d.json
c:\users\zajedna\source\repos\project1\project1\x64\release\include_features.h.obj
c:\users\zajedna\source\repos\project1\project1\x64\release\minhook.res
c:\users\zajedna\source\repos\project1\project1\x64\release\include_features.h.module.json
c:\users\zajedna\source\repos\project1\project1\x64\release\zajedna.ipdb
c:\users\zajedna\source\repos\project1\project1\x64\release\zajedna.iobj
c:\users\zajedna\source\repos\project1\project1\x64\release\init.obj
c:\users\zajedna\source\repos\project1\x64\release\zajedna.pdb
c:\users\zajedna\source\repos\project1\project1\x64\release\zajedna.tlog\cl.command.1.tlog
c:\users\zajedna\source\repos\project1\project1\x64\release\zajedna.tlog\cl.items.tlog
c:\users\zajedna\source\repos\project1\project1\x64\release\zajedna.tlog\cl.read.1.tlog
c:\users\zajedna\source\repos\project1\project1\x64\release\zajedna.tlog\cl.write.1.tlog
c:\users\zajedna\source\repos\project1\project1\x64\release\zajedna.tlog\link.command.1.tlog
c:\users\zajedna\source\repos\project1\project1\x64\release\zajedna.tlog\link.read.1.tlog
c:\users\zajedna\source\repos\project1\project1\x64\release\zajedna.tlog\link.secondary.1.tlog
c:\users\zajedna\source\repos\project1\project1\x64\release\zajedna.tlog\link.write.1.tlog
c:\users\zajedna\source\repos\project1\project1\x64\release\zajedna.tlog\rc.command.1.tlog
c:\users\zajedna\source\repos\project1\project1\x64\release\zajedna.tlog\rc.read.1.tlog
c:\users\zajedna\source\repos\project1\project1\x64\release\zajedna.tlog\rc.write.1.tlog
c:\users\zajedna\source\repos\project1\project1\x64\release\zajedna_md.tlog\cl.command.1.tlog
c:\users\zajedna\source\repos\project1\project1\x64\release\zajedna_md.tlog\microsoft.build.cpptasks.cl.read.1.tlog
c:\users\zajedna\source\repos\project1\project1\x64\release\zajedna_md.tlog\microsoft.build.cpptasks.cl.write.1.tlog
